<?xml version="1.0" encoding="UTF-8"?>
<testng-results skipped="0" failed="1" total="1" passed="0">
  <reporter-output>
  </reporter-output>
  <suite name="Default suite" duration-ms="14720" started-at="2015-10-26T08:31:37Z" finished-at="2015-10-26T08:31:52Z">
    <groups>
    </groups>
    <test name="Default test" duration-ms="14720" started-at="2015-10-26T08:31:37Z" finished-at="2015-10-26T08:31:52Z">
      <class name="com.opencart.testcases.UserRegistrationTests">
        <test-method status="PASS" signature="beforeTest()[pri:0, instance:com.opencart.testcases.UserRegistrationTests@d7b1517]" name="beforeTest" is-config="true" duration-ms="7243" started-at="2015-10-26T19:31:37Z" finished-at="2015-10-26T19:31:44Z">
          <reporter-output>
          </reporter-output>
        </test-method> <!-- beforeTest -->
        <test-method status="FAIL" signature="verifyUserRegistration()[pri:0, instance:com.opencart.testcases.UserRegistrationTests@d7b1517]" name="verifyUserRegistration" duration-ms="7068" started-at="2015-10-26T19:31:44Z" finished-at="2015-10-26T19:31:51Z">
          <exception class="java.lang.AssertionError">
            <full-stacktrace>
              <![CDATA[java.lang.AssertionError
	at org.junit.Assert.fail(Assert.java:86)
	at org.junit.Assert.assertTrue(Assert.java:41)
	at org.junit.Assert.assertTrue(Assert.java:52)
	at com.opencart.testcases.UserRegistrationTests.verifyUserRegistration(UserRegistrationTests.java:45)
	at sun.reflect.NativeMethodAccessorImpl.invoke0(Native Method)
	at sun.reflect.NativeMethodAccessorImpl.invoke(NativeMethodAccessorImpl.java:62)
	at sun.reflect.DelegatingMethodAccessorImpl.invoke(DelegatingMethodAccessorImpl.java:43)
	at java.lang.reflect.Method.invoke(Method.java:497)
	at org.testng.internal.MethodInvocationHelper.invokeMethod(MethodInvocationHelper.java:84)
	at org.testng.internal.Invoker.invokeMethod(Invoker.java:714)
	at org.testng.internal.Invoker.invokeTestMethod(Invoker.java:901)
	at org.testng.internal.Invoker.invokeTestMethods(Invoker.java:1231)
	at org.testng.internal.TestMethodWorker.invokeTestMethods(TestMethodWorker.java:127)
	at org.testng.internal.TestMethodWorker.run(TestMethodWorker.java:111)
	at org.testng.TestRunner.privateRun(TestRunner.java:767)
	at org.testng.TestRunner.run(TestRunner.java:617)
	at org.testng.SuiteRunner.runTest(SuiteRunner.java:334)
	at org.testng.SuiteRunner.runSequentially(SuiteRunner.java:329)
	at org.testng.SuiteRunner.privateRun(SuiteRunner.java:291)
	at org.testng.SuiteRunner.run(SuiteRunner.java:240)
	at org.testng.SuiteRunnerWorker.runSuite(SuiteRunnerWorker.java:52)
	at org.testng.SuiteRunnerWorker.run(SuiteRunnerWorker.java:86)
	at org.testng.TestNG.runSuitesSequentially(TestNG.java:1224)
	at org.testng.TestNG.runSuitesLocally(TestNG.java:1149)
	at org.testng.TestNG.run(TestNG.java:1057)
	at org.testng.remote.RemoteTestNG.run(RemoteTestNG.java:111)
	at org.testng.remote.RemoteTestNG.initAndRun(RemoteTestNG.java:204)
	at org.testng.remote.RemoteTestNG.main(RemoteTestNG.java:175)
]]>
            </full-stacktrace>
          </exception> <!-- java.lang.AssertionError -->
          <reporter-output>
          </reporter-output>
        </test-method> <!-- verifyUserRegistration -->
        <test-method status="PASS" signature="beforeMethod()[pri:0, instance:com.opencart.testcases.UserRegistrationTests@d7b1517]" name="beforeMethod" is-config="true" duration-ms="0" started-at="2015-10-26T19:31:44Z" finished-at="2015-10-26T19:31:44Z">
          <reporter-output>
          </reporter-output>
        </test-method> <!-- beforeMethod -->
        <test-method status="PASS" signature="takeScreenShotOnFailure(org.testng.ITestResult)[pri:0, instance:com.opencart.testcases.UserRegistrationTests@d7b1517]" name="takeScreenShotOnFailure" is-config="true" duration-ms="368" started-at="2015-10-26T19:31:51Z" finished-at="2015-10-26T19:31:52Z">
          <params>
            <param index="0">
              <value>
                <![CDATA[[TestResult name=verifyUserRegistration status=FAILURE method=UserRegistrationTests.verifyUserRegistration()[pri:0, instance:com.opencart.testcases.UserRegistrationTests@d7b1517] output={null}]]]>
              </value>
            </param>
          </params>
          <reporter-output>
          </reporter-output>
        </test-method> <!-- takeScreenShotOnFailure -->
        <test-method status="PASS" signature="afterTest()[pri:0, instance:com.opencart.testcases.UserRegistrationTests@d7b1517]" name="afterTest" is-config="true" duration-ms="29" started-at="2015-10-26T19:31:52Z" finished-at="2015-10-26T19:31:52Z">
          <reporter-output>
          </reporter-output>
        </test-method> <!-- afterTest -->
      </class> <!-- com.opencart.testcases.UserRegistrationTests -->
    </test> <!-- Default test -->
  </suite> <!-- Default suite -->
</testng-results>
