<?xml version="1.0" encoding="UTF-8"?>
<!-- Generated by org.testng.reporters.JUnitXMLReporter -->
<testsuite hostname="DESKTOP-4JDQMRO" name="safariHomePageFunctionalTests" tests="2" failures="2" timestamp="27 Oct 2015 10:46:08 GMT" time="7.498" errors="0">
  <testcase name="verifyNaviagationtoRegistrationPage" time="0.103" classname="com.opencart.testcases.HomePageTests">
    <failure type="org.junit.ComparisonFailure" message="expected:&amp;lt;[Your Store]&amp;gt; but was:&amp;lt;[Register Account]&amp;gt;">
      <![CDATA[org.junit.ComparisonFailure: expected:<[Your Store]> but was:<[Register Account]>
	at org.junit.Assert.assertEquals(Assert.java:115)
	at org.junit.Assert.assertEquals(Assert.java:144)
	at com.opencart.testcases.HomePageTests.verifyNaviagationtoRegistrationPage(HomePageTests.java:24)
... Removed 23 stack frames]]>
    </failure>
  </testcase> <!-- verifyNaviagationtoRegistrationPage -->
  <testcase name="verifyNavigationtoLoginPage" time="0.062" classname="com.opencart.testcases.HomePageTests">
    <failure type="org.junit.ComparisonFailure" message="expected:&amp;lt;[Your Store]&amp;gt; but was:&amp;lt;[Account Login]&amp;gt;">
      <![CDATA[org.junit.ComparisonFailure: expected:<[Your Store]> but was:<[Account Login]>
	at org.junit.Assert.assertEquals(Assert.java:115)
	at org.junit.Assert.assertEquals(Assert.java:144)
	at com.opencart.testcases.HomePageTests.verifyNavigationtoLoginPage(HomePageTests.java:31)
... Removed 23 stack frames]]>
    </failure>
  </testcase> <!-- verifyNavigationtoLoginPage -->
</testsuite> <!-- safariHomePageFunctionalTests -->
